C51 COMPILER V7.06   MAIN                                                                  07/18/2017 21:45:49 PAGE 1   


C51 COMPILER V7.06, COMPILATION OF MODULE MAIN
OBJECT MODULE PLACED IN main.OBJ
COMPILER INVOKED BY: D:\Keil\C51\BIN\C51.EXE main.c BROWSE DEBUG OBJECTEXTEND

stmt level    source

   1          #include "reg52.h"                      
   2          #include"temp.h"        
   3          
   4          typedef unsigned int u16;         
   5          typedef unsigned char u8;
   6          
   7          sbit LSA=P2^2;
   8          sbit LSB=P2^3;
   9          sbit LSC=P2^4;
  10          
  11          
  12          char num=0;
  13          u8 DisplayData[8];
  14          u8 code smgduan[10]={0x3f,0x06,0x5b,0x4f,0x66,0x6d,0x7d,0x07,0x7f,0x6f};
  15          u8 tem[4];
  16          
  17          void delay(u16 i)
  18          {
  19   1              while(i--);     
  20   1      }
  21          
  22          
  23          
  24          
  25          void datapros(int temp)          
  26          {
  27   1              float tp;  
  28   1              if(temp< 0)                             
  29   1              {
  30   2                      DisplayData[0] = 0x40;    
  31   2                      temp=temp-1;
  32   2                      temp=~temp;
  33   2                      tp=temp;
  34   2                      temp=tp*0.0625*100+0.5; 
  35   2      
  36   2              }
  37   1              else
  38   1              {                       
  39   2                      DisplayData[0] = 0x00;
  40   2                      tp=temp;
  41   2              
  42   2                      temp=tp*0.0625*100+0.5; 
  43   2                      
  44   2              }
  45   1              DisplayData[1] = smgduan[temp / 10000];                         //0
  46   1              DisplayData[2] = smgduan[temp % 10000 / 1000];                 //2
  47   1              DisplayData[3] = smgduan[temp % 1000 / 100] | 0x80;             //9.
  48   1              DisplayData[4] = smgduan[temp % 100 / 10];                      //9
  49   1              DisplayData[5] = smgduan[temp % 10];                           //4
  50   1              tem[0]=temp % 10000 / 1000+48;  //2
  51   1              tem[1]=temp % 1000 / 100+48;    //9.
  52   1              tem[2]=temp % 100 / 10+48;      //9
  53   1              tem[3]=temp % 10+48;            //4
  54   1      }
  55          
C51 COMPILER V7.06   MAIN                                                                  07/18/2017 21:45:49 PAGE 2   

  56          
  57          
  58          void DigDisplay()
  59          {
  60   1              u8 i;
  61   1              for(i=0;i<6;i++)
  62   1              {
  63   2                      switch(i)       
  64   2                      {
  65   3                              case(0):
  66   3                                      LSA=0;LSB=0;LSC=0; break;
  67   3                              case(1):
  68   3                                      LSA=1;LSB=0;LSC=0; break;
  69   3                              case(2):
  70   3                                      LSA=0;LSB=1;LSC=0; break;
  71   3                              case(3):
  72   3                                      LSA=1;LSB=1;LSC=0; break;
  73   3                              case(4):
  74   3                                      LSA=0;LSB=0;LSC=1; break;
  75   3                              case(5):
  76   3                                      LSA=1;LSB=0;LSC=1; break;
  77   3                      }
  78   2                      P0=DisplayData[5-i];
  79   2                      delay(100); 
  80   2                      P0=0x00;
  81   2              }               
  82   1      }
  83          
  84          void UsartInit()
  85          {
  86   1              SCON=0X50;                      
  87   1              TMOD=0X20;                      
  88   1              PCON=0X80;                      
  89   1              TH1=0XF3;                               
  90   1              TL1=0XF3;
  91   1              ES=1;                                           
  92   1              EA=1;                                           
  93   1              TR1=1;                                  
  94   1      }
  95          
  96          
  97          void main()
  98          {       
  99   1              UsartInit(); 
 100   1              while(1)
 101   1              {
 102   2                      datapros(Ds18b20ReadTemp());
 103   2                      DigDisplay();
 104   2              }               
 105   1      }
 106          
 107          void Usart() interrupt 4
 108          {
 109   1              u8 receiveData;
 110   1              int i;
 111   1              RI = 0;
 112   1              receiveData=SBUF;
 113   1              i=receiveData;
 114   1              switch(i)
 115   1              {
 116   2                      case 0:receiveData=tem[0]; break;
 117   2                      case 1:receiveData=tem[1]; break;
C51 COMPILER V7.06   MAIN                                                                  07/18/2017 21:45:49 PAGE 3   

 118   2                      case 2:receiveData='.'; break;
 119   2                      case 3:receiveData=tem[2]; break;
 120   2                      case 4:receiveData=tem[3]; break;
 121   2              }
 122   1      
 123   1              SBUF=receiveData;
 124   1              while(!TI);                      
 125   1              TI=0;                                           
 126   1      }


MODULE INFORMATION:   STATIC OVERLAYABLE
   CODE SIZE        =    556    ----
   CONSTANT SIZE    =     10    ----
   XDATA SIZE       =   ----    ----
   PDATA SIZE       =   ----    ----
   DATA SIZE        =     13       4
   IDATA SIZE       =   ----    ----
   BIT SIZE         =   ----    ----
END OF MODULE INFORMATION.


C51 COMPILATION COMPLETE.  0 WARNING(S),  0 ERROR(S)
